0 info it worked if it ends with ok
1 verbose cli [ '/Users/wallace/.nvm/v0.8.9/bin/node',
1 verbose cli   '/Users/wallace/.nvm/v0.8.9/bin/npm',
1 verbose cli   'link' ]
2 info using npm@1.1.61
3 info using node@v0.8.9
4 verbose linkPkg /Users/wallace/wip/Workspace/labs/node/node-cli-spike
5 verbose read json /Users/wallace/wip/Workspace/labs/node/node-cli-spike/package.json
6 warn package.json node-cli-spike@0.0.1 No README.md file found!
7 verbose link build target /Users/wallace/.nvm/v0.8.9/lib/node_modules/node-cli-spike
8 verbose install where,what [ '/Users/wallace/wip/Workspace/labs/node/node-cli-spike', [] ]
9 verbose from cache /Users/wallace/wip/Workspace/labs/node/node-cli-spike/package.json
10 verbose readDependencies using package.json deps
11 verbose install where, deps [ '/Users/wallace/wip/Workspace/labs/node/node-cli-spike',
11 verbose install   [ 'coffee-script' ] ]
12 verbose from cache /Users/wallace/wip/Workspace/labs/node/node-cli-spike/package.json
13 info preinstall node-cli-spike@0.0.1
14 verbose read json /Users/wallace/wip/Workspace/labs/node/node-cli-spike/node_modules/coffee-script/package.json
15 verbose from cache /Users/wallace/wip/Workspace/labs/node/node-cli-spike/package.json
16 verbose readDependencies using package.json deps
17 verbose read json /Users/wallace/wip/Workspace/labs/node/node-cli-spike/node_modules/.bin/package.json
18 verbose from cache /Users/wallace/wip/Workspace/labs/node/node-cli-spike/node_modules/coffee-script/package.json
19 verbose already installed skipping coffee-script@~1.3.3 /Users/wallace/wip/Workspace/labs/node/node-cli-spike
20 silly resolved []
21 info build /Users/wallace/wip/Workspace/labs/node/node-cli-spike
22 verbose from cache /Users/wallace/wip/Workspace/labs/node/node-cli-spike/package.json
23 verbose linkStuff [ false, false, false, '/Users/wallace/wip/Workspace/labs/node' ]
24 info linkStuff node-cli-spike@0.0.1
25 verbose linkBins node-cli-spike@0.0.1
26 verbose linkMans node-cli-spike@0.0.1
27 verbose rebuildBundles node-cli-spike@0.0.1
28 verbose rebuildBundles [ '.bin', 'coffee-script' ]
29 info install node-cli-spike@0.0.1
30 info postinstall node-cli-spike@0.0.1
31 info build /Users/wallace/.nvm/v0.8.9/lib/node_modules/node-cli-spike
32 verbose read json /Users/wallace/.nvm/v0.8.9/lib/node_modules/node-cli-spike/package.json
33 verbose linkStuff [ true,
33 verbose linkStuff   '/Users/wallace/.nvm/v0.8.9/lib/node_modules',
33 verbose linkStuff   true,
33 verbose linkStuff   '/Users/wallace/.nvm/v0.8.9/lib/node_modules' ]
34 info linkStuff node-cli-spike@0.0.1
35 verbose linkBins node-cli-spike@0.0.1
36 verbose link bins [ { nodecli: '.bin/cli' },
36 verbose link bins   '/Users/wallace/.nvm/v0.8.9/bin',
36 verbose link bins   true ]
37 verbose linkMans node-cli-spike@0.0.1
38 error Error: ENOENT, chmod '/Users/wallace/.nvm/v0.8.9/lib/node_modules/node-cli-spike/.bin/cli'
39 error If you need help, you may report this log at:
39 error     <http://github.com/isaacs/npm/issues>
39 error or email it to:
39 error     <npm-@googlegroups.com>
40 error System Darwin 12.1.0
41 error command "/Users/wallace/.nvm/v0.8.9/bin/node" "/Users/wallace/.nvm/v0.8.9/bin/npm" "link"
42 error cwd /Users/wallace/wip/Workspace/labs/node/node-cli-spike
43 error node -v v0.8.9
44 error npm -v 1.1.61
45 error path /Users/wallace/.nvm/v0.8.9/lib/node_modules/node-cli-spike/.bin/cli
46 error code ENOENT
47 error errno 34
48 verbose exit [ 34, true ]
